#
# There is insufficient memory for the Java Runtime Environment to continue.
# Native memory allocation (malloc) failed to allocate 1048576 bytes for AllocateHeap
# Possible reasons:
#   The system is out of physical RAM or swap space
#   The process is running with CompressedOops enabled, and the Java Heap may be blocking the growth of the native heap
# Possible solutions:
#   Reduce memory load on the system
#   Increase physical memory or swap space
#   Check if swap backing store is full
#   Decrease Java heap size (-Xmx/-Xms)
#   Decrease number of Java threads
#   Decrease Java thread stack sizes (-Xss)
#   Set larger code cache with -XX:ReservedCodeCacheSize=
#   JVM is running with Unscaled Compressed Oops mode in which the Java heap is
#     placed in the first 4GB address space. The Java Heap base address is the
#     maximum limit for the native heap growth. Please use -XX:HeapBaseMinAddress
#     to set the Java Heap base and to place the Java Heap above 4GB virtual address.
# This output file may be truncated or incomplete.
#
#  Out of Memory Error (memory/allocation.inline.hpp:61), pid=9592, tid=0x00000000000024d8
#
# JRE version:  (8.0_202-b08) (build )
# Java VM: Java HotSpot(TM) 64-Bit Server VM (25.202-b08 mixed mode windows-amd64 compressed oops)
# Failed to write core dump. Minidumps are not enabled by default on client versions of Windows
#

---------------  T H R E A D  ---------------

Current thread (0x0000000002be6000):  JavaThread "Unknown thread" [_thread_in_vm, id=9432, stack(0x00000000028e0000,0x00000000029e0000)]

Stack: [0x00000000028e0000,0x00000000029e0000]
[error occurred during error reporting (printing stack bounds), id 0xc0000005]

Native frames: (J=compiled Java code, j=interpreted, Vv=VM code, C=native code)


---------------  P R O C E S S  ---------------

Java Threads: ( => current thread )

Other Threads:

=>0x0000000002be6000 (exited) JavaThread "Unknown thread" [_thread_in_vm, id=9432, stack(0x00000000028e0000,0x00000000029e0000)]

VM state:not at safepoint (normal execution)

VM Mutex/Monitor currently owned by a thread: None

heap address: 0x00000000c2400000, size: 988 MB, Compressed Oops mode: 32-bit
Narrow klass base: 0x0000000000000000, Narrow klass shift: 3
Compressed class space size: 1073741824 Address: 0x0000000100000000

Heap:
 PSYoungGen      total 18432K, used 317K [0x00000000eb700000, 0x00000000ecb80000, 0x0000000100000000)
  eden space 15872K, 2% used [0x00000000eb700000,0x00000000eb74f5d0,0x00000000ec680000)
  from space 2560K, 0% used [0x00000000ec900000,0x00000000ec900000,0x00000000ecb80000)
  to   space 2560K, 0% used [0x00000000ec680000,0x00000000ec680000,0x00000000ec900000)
 ParOldGen       total 42496K, used 0K [0x00000000c2400000, 0x00000000c4d80000, 0x00000000eb700000)
  object space 42496K, 0% used [0x00000000c2400000,0x00000000c2400000,0x00000000c4d80000)
 Metaspace       used 762K, capacity 4480K, committed 4480K, reserved 1056768K
  class space    used 76K, capacity 384K, committed 384K, reserved 1048576K

Card table byte_map: [0x00000000120a0000,0x0000000012290000] byte_map_base: 0x0000000011a8e000

Marking Bits: (ParMarkBitMap*) 0x00000000513b5ce0
 Begin Bits: [0x00000000125e0000, 0x0000000013550000)
 End Bits:   [0x0000000013550000, 0x00000000144c0000)

Polling page: 0x0000000001070000

CodeCache: size=245760Kb used=327Kb max_used=327Kb free=245432Kb
 bounds [0x0000000002ce0000, 0x0000000002f50000, 0x0000000011ce0000]
 total_blobs=57 nmethods=0 adapters=38
 compilation: enabled

Compilation events (0 events):
No events

GC Heap History (0 events):
No events

Deoptimization events (0 events):
No events

Classes redefined (0 events):
No events

Internal exceptions (0 events):
No events

Events (10 events):
Event: 0.238 loading class java/lang/Short
Event: 0.238 loading class java/lang/Short done
Event: 0.238 loading class java/lang/Integer
Event: 0.238 loading class java/lang/Integer done
Event: 0.238 loading class java/lang/Long
Event: 0.238 loading class java/lang/Long done
Event: 0.239 loading class java/lang/NullPointerException
Event: 0.239 loading class java/lang/NullPointerException done
Event: 0.239 loading class java/lang/ArithmeticException
Event: 0.239 loading class java/lang/ArithmeticException done


Dynamic libraries:
0x00007ff67da70000 - 0x00007ff67daa7000 	C:\Program Files\Java\jre1.8.0_202\bin\javaw.exe
0x00007ff924ed0000 - 0x00007ff9250c5000 	C:\WINDOWS\SYSTEM32\ntdll.dll
0x00007ff9245e0000 - 0x00007ff92469e000 	C:\WINDOWS\System32\KERNEL32.DLL
0x00007ff922920000 - 0x00007ff922be8000 	C:\WINDOWS\System32\KERNELBASE.dll
0x00007ff924d40000 - 0x00007ff924dee000 	C:\WINDOWS\System32\ADVAPI32.dll
0x00007ff924c30000 - 0x00007ff924cce000 	C:\WINDOWS\System32\msvcrt.dll
0x00007ff924df0000 - 0x00007ff924e8c000 	C:\WINDOWS\System32\sechost.dll
0x00007ff923cd0000 - 0x00007ff923df5000 	C:\WINDOWS\System32\RPCRT4.dll
0x00007ff9233a0000 - 0x00007ff923540000 	C:\WINDOWS\System32\USER32.dll
0x00007ff922f00000 - 0x00007ff922f22000 	C:\WINDOWS\System32\win32u.dll
0x00007ff924a30000 - 0x00007ff924a5b000 	C:\WINDOWS\System32\GDI32.dll
0x00007ff9227e0000 - 0x00007ff9228eb000 	C:\WINDOWS\System32\gdi32full.dll
0x00007ff9225f0000 - 0x00007ff92268d000 	C:\WINDOWS\System32\msvcp_win.dll
0x00007ff9226e0000 - 0x00007ff9227e0000 	C:\WINDOWS\System32\ucrtbase.dll
0x00007ff914900000 - 0x00007ff914b9a000 	C:\WINDOWS\WinSxS\amd64_microsoft.windows.common-controls_6595b64144ccf1df_6.0.19041.1110_none_60b5254171f9507e\COMCTL32.dll
0x00007ff923370000 - 0x00007ff9233a0000 	C:\WINDOWS\System32\IMM32.DLL
0x0000000050ab0000 - 0x0000000050b82000 	C:\Program Files\Java\jre1.8.0_202\bin\msvcr100.dll
0x0000000050b90000 - 0x0000000051435000 	C:\Program Files\Java\jre1.8.0_202\bin\server\jvm.dll
0x00007ff924d30000 - 0x00007ff924d38000 	C:\WINDOWS\System32\PSAPI.DLL
0x00007ff90d060000 - 0x00007ff90d069000 	C:\WINDOWS\SYSTEM32\WSOCK32.dll
0x00007ff9249c0000 - 0x00007ff924a2b000 	C:\WINDOWS\System32\WS2_32.dll
0x00007ff90f5d0000 - 0x00007ff90f5f7000 	C:\WINDOWS\SYSTEM32\WINMM.dll
0x00007ff914290000 - 0x00007ff91429a000 	C:\WINDOWS\SYSTEM32\VERSION.dll
0x00007ff906460000 - 0x00007ff90646f000 	C:\Program Files\Java\jre1.8.0_202\bin\verify.dll
0x00007ff8fc9a0000 - 0x00007ff8fc9c9000 	C:\Program Files\Java\jre1.8.0_202\bin\java.dll
0x00007ff9180f0000 - 0x00007ff918125000 	C:\Program Files\Java\jre1.8.0_202\bin\jdwp.dll
0x00007ff9180e0000 - 0x00007ff9180e8000 	C:\Program Files\Java\jre1.8.0_202\bin\npt.dll
0x00007ff8fc980000 - 0x00007ff8fc996000 	C:\Program Files\Java\jre1.8.0_202\bin\zip.dll

VM Arguments:
jvm_args: -agentlib:jdwp=transport=dt_socket,suspend=y,address=localhost:63171 -ea -Dfile.encoding=Cp1252 
java_command: org.testng.remote.RemoteTestNG -serport 63080 -d C:\Ajeesh\it\Eclipise Workspace\FrameWorkTestNg\test-output C:\Users\Admin\AppData\Local\Temp\testng-eclipse-636949099\testng-customsuite.xml
java_class_path (initial): C:\Ajeesh\it\Eclipise Workspace\FrameWorkTestNg\target\test-classes;C:\Ajeesh\it\Eclipise Workspace\FrameWorkTestNg\target\classes;C:\Ajeesh\it\Java\eclipse-java-mars-2-win32-x86_64\eclipse\plugins\org.testng.eclipse_6.9.10.201512240000\lib\testng.jar;C:\Ajeesh\it\Java\eclipse-java-mars-2-win32-x86_64\eclipse\plugins\org.testng.eclipse_6.9.10.201512240000\lib\jcommander.jar;C:\Ajeesh\it\Java\eclipse-java-mars-2-win32-x86_64\eclipse\plugins\org.testng.eclipse_6.9.10.201512240000\lib\bsh-2.0b4.jar;C:\Ajeesh\it\Java\eclipse-java-mars-2-win32-x86_64\eclipse\plugins\org.testng.eclipse_6.9.10.201512240000\lib\snakeyaml.jar;C:\Users\Admin\.m2\repository\org\testng\testng\6.14.3\testng-6.14.3.jar;C:\Users\Admin\.m2\repository\com\beust\jcommander\1.72\jcommander-1.72.jar;C:\Users\Admin\.m2\repository\org\apache-extras\beanshell\bsh\2.0b6\bsh-2.0b6.jar;C:\Users\Admin\.m2\repository\org\apache\maven\plugins\maven-compiler-plugin\3.8.1\maven-compiler-plugin-3.8.1.jar;C:\Users\Admin\.m2\repository\org\apache\maven\maven-plugin-api\3.0\maven-plugin-api-3.0.jar;C:\Users\Admin\.m2\repository\org\apache\maven\maven-model\3.0\maven-model-3.0.jar;C:\Users\Admin\.m2\repository\org\sonatype\sisu\sisu-inject-plexus\1.4.2\sisu-inject-plexus-1.4.2.jar;C:\Users\Admin\.m2\repository\org\sonatype\sisu\sisu-inject-bean\1.4.2\sisu-inject-bean-1.4.2.jar;C:\Users\Admin\.m2\repository\org\sonatype\sisu\sisu-guice\2.1.7\sisu-guice-2.1.7-noaop.jar;C:\Users\Admin\.m2\repository\org\apache\maven\maven-artifact\3.0\maven-artifact-3.0.jar;C:\Users\Admin\.m2\repository\org\codehaus\plexus\plexus-utils\2.0.4\plexus-utils-2.0.4.jar;C:\Users\Admin\.m2\repository\org\apache\maven\maven-core\3.0\maven-core-3.0.jar;C:\Users\Admin\.m2\repository\org\apache\maven\maven-settings\3.0\maven-settings-3.0.jar;C:\Users\Admin\.m2\repository\org\apache\maven\maven-settings-builder\3.0\maven-settings-builder-3.0.jar;C:\Users\Admin\.m2\repository\org\apache\maven\maven-repository-metadata\3.0
Launcher Type: SUN_STANDARD

Environment Variables:
JAVA_HOME=C:\Program Files\Java\jdk1.8.0_202
PATH=C:/Program Files/Java/jre1.8.0_202/bin/server;C:/Program Files/Java/jre1.8.0_202/bin;C:/Program Files/Java/jre1.8.0_202/lib/amd64;C:\oraclexe\app\oracle\product\10.2.0\server\bin;C:\Program Files (x86)\Common Files\Oracle\Java\javapath;C:\WINDOWS\system32;C:\WINDOWS;C:\WINDOWS\System32\Wbem;C:\WINDOWS\System32\WindowsPowerShell\v1.0\;C:\WINDOWS\System32\OpenSSH\;C:\Program Files\Java\jdk1.8.0_202\bin;C:\Ajeesh\it\Maven\apache-maven-3.8.4-bin\apache-maven-3.8.4\bin;C:\Program Files\Git\cmd;C:\Users\Admin\AppData\Local\Microsoft\WindowsApps;;C:\Ajeesh\it\Java\eclipse-java-mars-2-win32-x86_64\eclipse;
USERNAME=Admin
OS=Windows_NT
PROCESSOR_IDENTIFIER=Intel64 Family 6 Model 42 Stepping 7, GenuineIntel



---------------  S Y S T E M  ---------------

OS: Windows 10.0 , 64 bit Build 19041 (10.0.19041.1566)

CPU:total 2 (initial active 2) (2 cores per cpu, 1 threads per core) family 6 model 42 stepping 7, cmov, cx8, fxsr, mmx, sse, sse2, sse3, ssse3, sse4.1, sse4.2, popcnt, clmul, tsc, tscinvbit

Memory: 4k page, physical 4038816k(529344k free), swap 9980008k(915724k free)

vm_info: Java HotSpot(TM) 64-Bit Server VM (25.202-b08) for windows-amd64 JRE (1.8.0_202-b08), built on Dec 15 2018 19:54:30 by "java_re" with MS VC++ 10.0 (VS2010)

time: Sat Apr 30 00:08:42 2022
timezone: Pacific Daylight Time
elapsed time: 2 seconds (0d 0h 0m 2s)

